[debug] [2021-08-08T18:35:02.949Z] ----------------------------------------------------------------------
[debug] [2021-08-08T18:35:02.953Z] Command:       C:\Program Files\nodejs\node.exe C:\Users\а\AppData\Roaming\npm\node_modules\firebase-tools\lib\bin\firebase.js init
[debug] [2021-08-08T18:35:02.954Z] CLI Version:   9.16.0
[debug] [2021-08-08T18:35:02.954Z] Platform:      win32
[debug] [2021-08-08T18:35:02.954Z] Node Version:  v14.16.0
[debug] [2021-08-08T18:35:02.956Z] Time:          Sun Aug 08 2021 21:35:02 GMT+0300 (Москва, стандартное время)
[debug] [2021-08-08T18:35:02.956Z] ----------------------------------------------------------------------
[debug] 
[debug] [2021-08-08T18:35:02.974Z] > command requires scopes: ["email","openid","https://www.googleapis.com/auth/cloudplatformprojects.readonly","https://www.googleapis.com/auth/firebase","https://www.googleapis.com/auth/cloud-platform"]
[debug] [2021-08-08T18:35:02.975Z] > authorizing via signed-in user (mxasssanov@gmail.com)
[info] 
     ######## #### ########  ######## ########     ###     ######  ########
     ##        ##  ##     ## ##       ##     ##  ##   ##  ##       ##
     ######    ##  ########  ######   ########  #########  ######  ######
     ##        ##  ##    ##  ##       ##     ## ##     ##       ## ##
     ##       #### ##     ## ######## ########  ##     ##  ######  ########

You're about to initialize a Firebase project in this directory:

  E:\Users\Desktop\projects\movies-app

[info] 
=== Project Setup
[info] 
[info] First, let's associate this project directory with a Firebase project.
[info] You can create multiple project aliases by running firebase use --add, 
[info] but for now we'll just set up a default project.
[info] 
[debug] [2021-08-08T18:36:04.336Z] >>> [apiv2][query] GET https://firebase.googleapis.com/v1beta1/projects pageSize=100
[debug] [2021-08-08T18:36:08.988Z] <<< [apiv2][status] GET https://firebase.googleapis.com/v1beta1/projects 200
[debug] [2021-08-08T18:36:08.988Z] <<< [apiv2][body] GET https://firebase.googleapis.com/v1beta1/projects [omitted]
[info] i  Using project movieinfo-app-fa808 (movieinfo-app) 
[info] 
=== Hosting Setup
[info] 
[info] Your public directory is the folder (relative to your project directory) that
[info] will contain Hosting assets to be uploaded with firebase deploy. If you
[info] have a build process for your assets, use your build's output directory.
[info] 
